<?xml version="1.0" encoding="UTF-8"?>
<!-- Generated by org.testng.reporters.JUnitReportReporter -->
<testsuite hostname="DESKTOP-DBK24BA" failures="0" tests="5" name="practice.Seleniumpractice" time="7.104" errors="0" timestamp="2024-01-04T20:54:52 EST" skipped="4">
  <testcase classname="practice.Seleniumpractice" name="test5" time="7.104"/>
  <system-out/>
  <testcase classname="practice.Seleniumpractice" name="test1">
    <skipped/>
  </testcase> <!-- test1 -->
  <system-out/>
  <testcase classname="practice.Seleniumpractice" name="test2">
    <skipped/>
  </testcase> <!-- test2 -->
  <system-out/>
  <testcase classname="practice.Seleniumpractice" name="test3">
    <skipped/>
  </testcase> <!-- test3 -->
  <system-out/>
  <testcase classname="practice.Seleniumpractice" name="test4">
    <skipped/>
  </testcase> <!-- test4 -->
  <system-out/>
</testsuite> <!-- practice.Seleniumpractice -->
