<?xml version="1.0" encoding="UTF-8"?>
<!-- Generated by org.testng.reporters.JUnitReportReporter -->
<testsuite hostname="DESKTOP-DBK24BA" failures="0" tests="2" name="practice.GooglePractice" time="8.133" errors="0" timestamp="2024-01-04T20:20:10 EST" skipped="1">
  <testcase classname="practice.GooglePractice" name="test2" time="8.133"/>
  <system-out/>
  <testcase classname="practice.GooglePractice" name="test1">
    <skipped/>
  </testcase> <!-- test1 -->
  <system-out/>
</testsuite> <!-- practice.GooglePractice -->
