<?xml version="1.0" encoding="UTF-8"?>
<!-- Generated by org.testng.reporters.JUnitReportReporter -->
<testsuite hostname="DESKTOP-DBK24BA" failures="0" tests="4" name="practice.OpenBrowser" time="61.610" errors="0" timestamp="2024-01-02T21:20:06 EST" skipped="0">
  <testcase classname="practice.OpenBrowser" name="test1" time="15.187"/>
  <system-out/>
  <testcase classname="practice.OpenBrowser" name="test3" time="17.849"/>
  <system-out/>
  <testcase classname="practice.OpenBrowser" name="test2" time="14.891"/>
  <system-out/>
  <testcase classname="practice.OpenBrowser" name="test4" time="13.683"/>
  <system-out/>
</testsuite> <!-- practice.OpenBrowser -->
